{"/home/ozan/github/clean-architecture-nestjs/src/app.module.ts": {"path":"/home/ozan/github/clean-architecture-nestjs/src/app.module.ts","statementMap":{"0":{"start":{"line":1,"column":0},"end":{"line":1,"column":40}},"1":{"start":{"line":5,"column":0},"end":{"line":5,"column":84}},"2":{"start":{"line":13,"column":0},"end":{"line":13,"column":null}},"3":{"start":{"line":13,"column":13},"end":{"line":13,"column":null}},"4":{"start":{"line":13,"column":13},"end":{"line":13,"column":22}}},"fnMap":{},"branchMap":{},"s":{"0":0,"1":0,"2":0,"3":0,"4":0},"f":{},"b":{}}
,"/home/ozan/github/clean-architecture-nestjs/src/main.ts": {"path":"/home/ozan/github/clean-architecture-nestjs/src/main.ts","statementMap":{"0":{"start":{"line":1,"column":0},"end":{"line":1,"column":48}},"1":{"start":{"line":2,"column":0},"end":{"line":2,"column":43}},"2":{"start":{"line":3,"column":0},"end":{"line":3,"column":65}},"3":{"start":{"line":4,"column":0},"end":{"line":4,"column":41}},"4":{"start":{"line":5,"column":0},"end":{"line":5,"column":85}},"5":{"start":{"line":6,"column":0},"end":{"line":6,"column":93}},"6":{"start":{"line":7,"column":0},"end":{"line":7,"column":112}},"7":{"start":{"line":8,"column":0},"end":{"line":8,"column":71}},"8":{"start":{"line":12,"column":14},"end":{"line":12,"column":34}},"9":{"start":{"line":13,"column":14},"end":{"line":13,"column":49}},"10":{"start":{"line":16,"column":2},"end":{"line":16,"column":68}},"11":{"start":{"line":19,"column":2},"end":{"line":19,"column":43}},"12":{"start":{"line":22,"column":2},"end":{"line":22,"column":73}},"13":{"start":{"line":23,"column":2},"end":{"line":23,"column":55}},"14":{"start":{"line":26,"column":2},"end":{"line":26,"column":32}},"15":{"start":{"line":29,"column":2},"end":{"line":41,"column":null}},"16":{"start":{"line":30,"column":19},"end":{"line":35,"column":14}},"17":{"start":{"line":36,"column":21},"end":{"line":39,"column":6}},"18":{"start":{"line":40,"column":4},"end":{"line":40,"column":46}},"19":{"start":{"line":43,"column":2},"end":{"line":43,"column":25}},"20":{"start":{"line":45,"column":0},"end":{"line":45,"column":12}}},"fnMap":{"0":{"name":"bootstrap","decl":{"start":{"line":11,"column":15},"end":{"line":11,"column":24}},"loc":{"start":{"line":11,"column":24},"end":{"line":44,"column":1}}}},"branchMap":{"0":{"loc":{"start":{"line":29,"column":2},"end":{"line":41,"column":null}},"type":"if","locations":[{"start":{"line":29,"column":2},"end":{"line":41,"column":null}}]}},"s":{"0":0,"1":0,"2":0,"3":0,"4":0,"5":0,"6":0,"7":0,"8":0,"9":0,"10":0,"11":0,"12":0,"13":0,"14":0,"15":0,"16":0,"17":0,"18":0,"19":0,"20":0},"f":{"0":0},"b":{"0":[0]}}
,"/home/ozan/github/clean-architecture-nestjs/src/entities/todo.ts": {"path":"/home/ozan/github/clean-architecture-nestjs/src/entities/todo.ts","statementMap":{"0":{"start":{"line":2,"column":0},"end":{"line":2,"column":13}}},"fnMap":{},"branchMap":{},"s":{"0":3},"f":{},"b":{}}
,"/home/ozan/github/clean-architecture-nestjs/src/entities/todoFindResult.ts": {"path":"/home/ozan/github/clean-architecture-nestjs/src/entities/todoFindResult.ts","statementMap":{"0":{"start":{"line":6,"column":8},"end":{"line":6,"column":null}},"1":{"start":{"line":3,"column":0},"end":{"line":3,"column":13}}},"fnMap":{"0":{"name":"(anonymous_0)","decl":{"start":{"line":5,"column":4},"end":{"line":5,"column":null}},"loc":{"start":{"line":5,"column":4},"end":{"line":8,"column":5}}}},"branchMap":{},"s":{"0":1,"1":1},"f":{"0":1},"b":{}}
,"/home/ozan/github/clean-architecture-nestjs/src/infrastructure/common/filter/exception.filter.ts": {"path":"/home/ozan/github/clean-architecture-nestjs/src/infrastructure/common/filter/exception.filter.ts","statementMap":{"0":{"start":{"line":1,"column":0},"end":{"line":1,"column":119}},"1":{"start":{"line":3,"column":0},"end":{"line":3,"column":60}},"2":{"start":{"line":11,"column":0},"end":{"line":55,"column":null}},"3":{"start":{"line":12,"column":32},"end":{"line":12,"column":40}},"4":{"start":{"line":14,"column":16},"end":{"line":14,"column":35}},"5":{"start":{"line":15,"column":21},"end":{"line":15,"column":38}},"6":{"start":{"line":16,"column":25},"end":{"line":16,"column":41}},"7":{"start":{"line":18,"column":19},"end":{"line":18,"column":112}},"8":{"start":{"line":20,"column":6},"end":{"line":22,"column":69}},"9":{"start":{"line":24,"column":22},"end":{"line":31,"column":null}},"10":{"start":{"line":34,"column":4},"end":{"line":34,"column":57}},"11":{"start":{"line":36,"column":4},"end":{"line":36,"column":47}},"12":{"start":{"line":40,"column":4},"end":{"line":53,"column":null}},"13":{"start":{"line":41,"column":6},"end":{"line":46,"column":8}},"14":{"start":{"line":48,"column":6},"end":{"line":52,"column":8}},"15":{"start":{"line":11,"column":13},"end":{"line":55,"column":null}},"16":{"start":{"line":11,"column":13},"end":{"line":11,"column":31}}},"fnMap":{"0":{"name":"(anonymous_2)","decl":{"start":{"line":12,"column":2},"end":{"line":12,"column":32}},"loc":{"start":{"line":12,"column":53},"end":{"line":12,"column":58}}},"1":{"name":"(anonymous_3)","decl":{"start":{"line":13,"column":2},"end":{"line":13,"column":7}},"loc":{"start":{"line":13,"column":43},"end":{"line":37,"column":3}}},"2":{"name":"(anonymous_4)","decl":{"start":{"line":39,"column":10},"end":{"line":39,"column":20}},"loc":{"start":{"line":39,"column":82},"end":{"line":54,"column":3}}}},"branchMap":{"0":{"loc":{"start":{"line":18,"column":19},"end":{"line":18,"column":112}},"type":"cond-expr","locations":[{"start":{"line":18,"column":56},"end":{"line":18,"column":77}},{"start":{"line":18,"column":80},"end":{"line":18,"column":112}}]},"1":{"loc":{"start":{"line":20,"column":6},"end":{"line":22,"column":69}},"type":"cond-expr","locations":[{"start":{"line":21,"column":11},"end":{"line":21,"column":45}},{"start":{"line":22,"column":10},"end":{"line":22,"column":69}}]},"2":{"loc":{"start":{"line":40,"column":4},"end":{"line":53,"column":null}},"type":"if","locations":[{"start":{"line":40,"column":4},"end":{"line":53,"column":null}},{"start":{"line":47,"column":11},"end":{"line":53,"column":null}}]},"3":{"loc":{"start":{"line":43,"column":64},"end":{"line":43,"column":null}},"type":"cond-expr","locations":[{"start":{"line":43,"column":85},"end":{"line":43,"column":103}},{"start":{"line":43,"column":106},"end":{"line":43,"column":null}}]},"4":{"loc":{"start":{"line":44,"column":20},"end":{"line":44,"column":60}},"type":"cond-expr","locations":[{"start":{"line":44,"column":38},"end":{"line":44,"column":53}},{"start":{"line":44,"column":56},"end":{"line":44,"column":60}}]},"5":{"loc":{"start":{"line":45,"column":8},"end":{"line":45,"column":44}},"type":"cond-expr","locations":[{"start":{"line":45,"column":24},"end":{"line":45,"column":39}},{"start":{"line":45,"column":42},"end":{"line":45,"column":44}}]},"6":{"loc":{"start":{"line":50,"column":64},"end":{"line":50,"column":null}},"type":"cond-expr","locations":[{"start":{"line":50,"column":85},"end":{"line":50,"column":103}},{"start":{"line":50,"column":106},"end":{"line":50,"column":null}}]},"7":{"loc":{"start":{"line":51,"column":20},"end":{"line":51,"column":60}},"type":"cond-expr","locations":[{"start":{"line":51,"column":38},"end":{"line":51,"column":53}},{"start":{"line":51,"column":56},"end":{"line":51,"column":60}}]}},"s":{"0":0,"1":0,"2":0,"3":0,"4":0,"5":0,"6":0,"7":0,"8":0,"9":0,"10":0,"11":0,"12":0,"13":0,"14":0,"15":0,"16":0},"f":{"0":0,"1":0,"2":0},"b":{"0":[0,0],"1":[0,0],"2":[0,0],"3":[0,0],"4":[0,0],"5":[0,0],"6":[0,0],"7":[0,0]}}
,"/home/ozan/github/clean-architecture-nestjs/src/infrastructure/common/interceptors/logger.interceptor.ts": {"path":"/home/ozan/github/clean-architecture-nestjs/src/infrastructure/common/interceptors/logger.interceptor.ts","statementMap":{"0":{"start":{"line":1,"column":0},"end":{"line":1,"column":92}},"1":{"start":{"line":3,"column":0},"end":{"line":3,"column":37}},"2":{"start":{"line":4,"column":0},"end":{"line":4,"column":60}},"3":{"start":{"line":7,"column":0},"end":{"line":40,"column":null}},"4":{"start":{"line":8,"column":31},"end":{"line":8,"column":39}},"5":{"start":{"line":11,"column":16},"end":{"line":11,"column":26}},"6":{"start":{"line":12,"column":24},"end":{"line":12,"column":46}},"7":{"start":{"line":13,"column":20},"end":{"line":13,"column":44}},"8":{"start":{"line":15,"column":15},"end":{"line":15,"column":34}},"9":{"start":{"line":17,"column":4},"end":{"line":17,"column":96}},"10":{"start":{"line":19,"column":4},"end":{"line":26,"column":6}},"11":{"start":{"line":21,"column":8},"end":{"line":24,"column":10}},"12":{"start":{"line":31,"column":19},"end":{"line":31,"column":53}},"13":{"start":{"line":32,"column":4},"end":{"line":37,"column":null}},"14":{"start":{"line":33,"column":19},"end":{"line":33,"column":36}},"15":{"start":{"line":34,"column":6},"end":{"line":34,"column":33}},"16":{"start":{"line":36,"column":6},"end":{"line":36,"column":44}},"17":{"start":{"line":38,"column":4},"end":{"line":38,"column":37}},"18":{"start":{"line":7,"column":13},"end":{"line":40,"column":null}},"19":{"start":{"line":7,"column":13},"end":{"line":7,"column":31}}},"fnMap":{"0":{"name":"(anonymous_2)","decl":{"start":{"line":8,"column":2},"end":{"line":8,"column":31}},"loc":{"start":{"line":8,"column":52},"end":{"line":8,"column":56}}},"1":{"name":"(anonymous_3)","decl":{"start":{"line":10,"column":2},"end":{"line":10,"column":11}},"loc":{"start":{"line":10,"column":56},"end":{"line":27,"column":3}}},"2":{"name":"(anonymous_4)","decl":{"start":{"line":20,"column":10},"end":{"line":20,"column":13}},"loc":{"start":{"line":20,"column":15},"end":{"line":25,"column":7}}},"3":{"name":"(anonymous_5)","decl":{"start":{"line":29,"column":10},"end":{"line":29,"column":15}},"loc":{"start":{"line":29,"column":28},"end":{"line":39,"column":3}}}},"branchMap":{"0":{"loc":{"start":{"line":32,"column":4},"end":{"line":37,"column":null}},"type":"if","locations":[{"start":{"line":32,"column":4},"end":{"line":37,"column":null}},{"start":{"line":35,"column":11},"end":{"line":37,"column":null}}]}},"s":{"0":0,"1":0,"2":0,"3":0,"4":0,"5":0,"6":0,"7":0,"8":0,"9":0,"10":0,"11":0,"12":0,"13":0,"14":0,"15":0,"16":0,"17":0,"18":0,"19":0},"f":{"0":0,"1":0,"2":0,"3":0},"b":{"0":[0,0]}}
,"/home/ozan/github/clean-architecture-nestjs/src/infrastructure/common/interceptors/response.interceptor.ts": {"path":"/home/ozan/github/clean-architecture-nestjs/src/infrastructure/common/interceptors/response.interceptor.ts","statementMap":{"0":{"start":{"line":1,"column":0},"end":{"line":1,"column":92}},"1":{"start":{"line":2,"column":0},"end":{"line":2,"column":46}},"2":{"start":{"line":4,"column":0},"end":{"line":4,"column":37}},"3":{"start":{"line":8,"column":2},"end":{"line":8,"column":null}},"4":{"start":{"line":10,"column":2},"end":{"line":10,"column":null}},"5":{"start":{"line":12,"column":2},"end":{"line":12,"column":null}},"6":{"start":{"line":14,"column":2},"end":{"line":14,"column":null}},"7":{"start":{"line":6,"column":0},"end":{"line":6,"column":13}},"8":{"start":{"line":20,"column":0},"end":{"line":39,"column":null}},"9":{"start":{"line":22,"column":16},"end":{"line":22,"column":26}},"10":{"start":{"line":23,"column":24},"end":{"line":23,"column":46}},"11":{"start":{"line":24,"column":20},"end":{"line":24,"column":44}},"12":{"start":{"line":25,"column":4},"end":{"line":37,"column":6}},"13":{"start":{"line":28,"column":8},"end":{"line":28,"column":null}},"14":{"start":{"line":29,"column":8},"end":{"line":35,"column":null}},"15":{"start":{"line":20,"column":13},"end":{"line":39,"column":null}},"16":{"start":{"line":20,"column":13},"end":{"line":20,"column":32}}},"fnMap":{"0":{"name":"(anonymous_2)","decl":{"start":{"line":21,"column":2},"end":{"line":21,"column":11}},"loc":{"start":{"line":21,"column":56},"end":{"line":38,"column":3}}},"1":{"name":"(anonymous_3)","decl":{"start":{"line":27,"column":10},"end":{"line":27,"column":20}},"loc":{"start":{"line":27,"column":24},"end":{"line":36,"column":7}}}},"branchMap":{},"s":{"0":0,"1":0,"2":0,"3":0,"4":0,"5":0,"6":0,"7":0,"8":0,"9":0,"10":0,"11":0,"12":0,"13":0,"14":0,"15":0,"16":0},"f":{"0":0,"1":0},"b":{}}
,"/home/ozan/github/clean-architecture-nestjs/src/infrastructure/common/swagger/response.decorator.ts": {"path":"/home/ozan/github/clean-architecture-nestjs/src/infrastructure/common/swagger/response.decorator.ts","statementMap":{"0":{"start":{"line":1,"column":0},"end":{"line":1,"column":55}},"1":{"start":{"line":2,"column":0},"end":{"line":2,"column":63}},"2":{"start":{"line":3,"column":0},"end":{"line":3,"column":80}},"3":{"start":{"line":5,"column":31},"end":{"line":27,"column":1}},"4":{"start":{"line":6,"column":2},"end":{"line":26,"column":4}},"5":{"start":{"line":5,"column":13},"end":{"line":5,"column":31}}},"fnMap":{"0":{"name":"(anonymous_0)","decl":{"start":{"line":5,"column":31},"end":{"line":5,"column":58}},"loc":{"start":{"line":5,"column":93},"end":{"line":27,"column":1}}}},"branchMap":{},"s":{"0":0,"1":0,"2":0,"3":0,"4":0,"5":0},"f":{"0":0},"b":{}}
,"/home/ozan/github/clean-architecture-nestjs/src/infrastructure/controllers/controllers.module.ts": {"path":"/home/ozan/github/clean-architecture-nestjs/src/infrastructure/controllers/controllers.module.ts","statementMap":{"0":{"start":{"line":1,"column":0},"end":{"line":1,"column":40}},"1":{"start":{"line":2,"column":0},"end":{"line":2,"column":91}},"2":{"start":{"line":3,"column":0},"end":{"line":3,"column":65}},"3":{"start":{"line":4,"column":0},"end":{"line":4,"column":72}},"4":{"start":{"line":5,"column":0},"end":{"line":5,"column":81}},"5":{"start":{"line":15,"column":0},"end":{"line":15,"column":null}},"6":{"start":{"line":15,"column":13},"end":{"line":15,"column":null}},"7":{"start":{"line":15,"column":13},"end":{"line":15,"column":30}}},"fnMap":{},"branchMap":{},"s":{"0":0,"1":0,"2":0,"3":0,"4":0,"5":0,"6":0,"7":0},"f":{},"b":{}}
,"/home/ozan/github/clean-architecture-nestjs/src/infrastructure/controllers/addTodo/addTodo.controller.ts": {"path":"/home/ozan/github/clean-architecture-nestjs/src/infrastructure/controllers/addTodo/addTodo.controller.ts","statementMap":{"0":{"start":{"line":1,"column":0},"end":{"line":1,"column":56}},"1":{"start":{"line":2,"column":0},"end":{"line":2,"column":71}},"2":{"start":{"line":3,"column":0},"end":{"line":3,"column":74}},"3":{"start":{"line":5,"column":0},"end":{"line":5,"column":73}},"4":{"start":{"line":6,"column":0},"end":{"line":6,"column":53}},"5":{"start":{"line":7,"column":0},"end":{"line":7,"column":52}},"6":{"start":{"line":8,"column":0},"end":{"line":8,"column":78}},"7":{"start":{"line":9,"column":0},"end":{"line":9,"column":90}},"8":{"start":{"line":16,"column":0},"end":{"line":34,"column":null}},"9":{"start":{"line":18,"column":21},"end":{"line":18,"column":33}},"10":{"start":{"line":19,"column":21},"end":{"line":19,"column":39}},"11":{"start":{"line":25,"column":24},"end":{"line":25,"column":38}},"12":{"start":{"line":27,"column":24},"end":{"line":27,"column":108}},"13":{"start":{"line":28,"column":4},"end":{"line":32,"column":7}},"14":{"start":{"line":24,"column":2},"end":{"line":33,"column":null}},"15":{"start":{"line":16,"column":13},"end":{"line":34,"column":null}},"16":{"start":{"line":16,"column":13},"end":{"line":16,"column":30}}},"fnMap":{"0":{"name":"(anonymous_4)","decl":{"start":{"line":17,"column":2},"end":{"line":17,"column":null}},"loc":{"start":{"line":19,"column":55},"end":{"line":20,"column":7}}},"1":{"name":"(anonymous_5)","decl":{"start":{"line":24,"column":2},"end":{"line":24,"column":7}},"loc":{"start":{"line":24,"column":54},"end":{"line":33,"column":3}}}},"branchMap":{},"s":{"0":0,"1":0,"2":0,"3":0,"4":0,"5":0,"6":0,"7":0,"8":0,"9":0,"10":0,"11":0,"12":0,"13":0,"14":0,"15":0,"16":0},"f":{"0":0,"1":0},"b":{}}
,"/home/ozan/github/clean-architecture-nestjs/src/infrastructure/controllers/addTodo/addTodo.requset..ts": {"path":"/home/ozan/github/clean-architecture-nestjs/src/infrastructure/controllers/addTodo/addTodo.requset..ts","statementMap":{"0":{"start":{"line":1,"column":0},"end":{"line":1,"column":46}},"1":{"start":{"line":2,"column":0},"end":{"line":2,"column":76}},"2":{"start":{"line":8,"column":2},"end":{"line":8,"column":null}},"3":{"start":{"line":12,"column":2},"end":{"line":12,"column":null}},"4":{"start":{"line":4,"column":0},"end":{"line":4,"column":13}},"5":{"start":{"line":19,"column":2},"end":{"line":19,"column":null}},"6":{"start":{"line":15,"column":0},"end":{"line":15,"column":13}}},"fnMap":{},"branchMap":{},"s":{"0":0,"1":0,"2":0,"3":0,"4":0,"5":0,"6":0},"f":{},"b":{}}
,"/home/ozan/github/clean-architecture-nestjs/src/infrastructure/controllers/addTodo/addTodo.response.ts": {"path":"/home/ozan/github/clean-architecture-nestjs/src/infrastructure/controllers/addTodo/addTodo.response.ts","statementMap":{"0":{"start":{"line":1,"column":0},"end":{"line":1,"column":46}},"1":{"start":{"line":17,"column":4},"end":{"line":17,"column":22}},"2":{"start":{"line":18,"column":4},"end":{"line":18,"column":32}},"3":{"start":{"line":19,"column":4},"end":{"line":19,"column":30}},"4":{"start":{"line":20,"column":4},"end":{"line":20,"column":39}},"5":{"start":{"line":21,"column":4},"end":{"line":21,"column":40}},"6":{"start":{"line":6,"column":2},"end":{"line":6,"column":null}},"7":{"start":{"line":8,"column":2},"end":{"line":8,"column":null}},"8":{"start":{"line":10,"column":2},"end":{"line":10,"column":null}},"9":{"start":{"line":12,"column":2},"end":{"line":12,"column":null}},"10":{"start":{"line":13,"column":16},"end":{"line":13,"column":null}},"11":{"start":{"line":4,"column":0},"end":{"line":4,"column":13}}},"fnMap":{"0":{"name":"(anonymous_2)","decl":{"start":{"line":16,"column":2},"end":{"line":16,"column":14}},"loc":{"start":{"line":16,"column":24},"end":{"line":22,"column":3}}}},"branchMap":{},"s":{"0":0,"1":0,"2":0,"3":0,"4":0,"5":0,"6":0,"7":0,"8":0,"9":0,"10":0,"11":0},"f":{"0":0},"b":{}}
,"/home/ozan/github/clean-architecture-nestjs/src/infrastructure/controllers/getOneTodo/getOneTodoResponse.ts": {"path":"/home/ozan/github/clean-architecture-nestjs/src/infrastructure/controllers/getOneTodo/getOneTodoResponse.ts","statementMap":{"0":{"start":{"line":12,"column":19},"end":{"line":12,"column":43}},"1":{"start":{"line":13,"column":4},"end":{"line":13,"column":null}},"2":{"start":{"line":14,"column":4},"end":{"line":14,"column":null}},"3":{"start":{"line":15,"column":4},"end":{"line":15,"column":null}},"4":{"start":{"line":16,"column":4},"end":{"line":16,"column":null}},"5":{"start":{"line":17,"column":4},"end":{"line":17,"column":null}},"6":{"start":{"line":18,"column":4},"end":{"line":18,"column":null}},"7":{"start":{"line":4,"column":0},"end":{"line":4,"column":13}}},"fnMap":{"0":{"name":"(anonymous_0)","decl":{"start":{"line":11,"column":2},"end":{"line":11,"column":8}},"loc":{"start":{"line":11,"column":25},"end":{"line":20,"column":3}}}},"branchMap":{},"s":{"0":0,"1":0,"2":0,"3":0,"4":0,"5":0,"6":0,"7":0},"f":{"0":0},"b":{}}
,"/home/ozan/github/clean-architecture-nestjs/src/infrastructure/controllers/getOneTodo/getTodos.controller.ts": {"path":"/home/ozan/github/clean-architecture-nestjs/src/infrastructure/controllers/getOneTodo/getTodos.controller.ts","statementMap":{"0":{"start":{"line":1,"column":0},"end":{"line":1,"column":90}},"1":{"start":{"line":2,"column":0},"end":{"line":2,"column":94}},"2":{"start":{"line":3,"column":0},"end":{"line":3,"column":74}},"3":{"start":{"line":4,"column":0},"end":{"line":4,"column":83}},"4":{"start":{"line":5,"column":0},"end":{"line":5,"column":78}},"5":{"start":{"line":6,"column":0},"end":{"line":6,"column":58}},"6":{"start":{"line":7,"column":0},"end":{"line":7,"column":79}},"7":{"start":{"line":13,"column":0},"end":{"line":34,"column":null}},"8":{"start":{"line":15,"column":21},"end":{"line":15,"column":34}},"9":{"start":{"line":22,"column":4},"end":{"line":32,"column":null}},"10":{"start":{"line":24,"column":17},"end":{"line":24,"column":76}},"11":{"start":{"line":25,"column":6},"end":{"line":25,"column":44}},"12":{"start":{"line":27,"column":6},"end":{"line":31,"column":null}},"13":{"start":{"line":28,"column":8},"end":{"line":28,"column":39}},"14":{"start":{"line":30,"column":8},"end":{"line":30,"column":38}},"15":{"start":{"line":21,"column":2},"end":{"line":33,"column":null}},"16":{"start":{"line":13,"column":13},"end":{"line":34,"column":null}},"17":{"start":{"line":13,"column":13},"end":{"line":13,"column":33}}},"fnMap":{"0":{"name":"(anonymous_4)","decl":{"start":{"line":14,"column":2},"end":{"line":14,"column":null}},"loc":{"start":{"line":15,"column":45},"end":{"line":16,"column":7}}},"1":{"name":"(anonymous_5)","decl":{"start":{"line":21,"column":2},"end":{"line":21,"column":7}},"loc":{"start":{"line":21,"column":31},"end":{"line":33,"column":3}}}},"branchMap":{"0":{"loc":{"start":{"line":27,"column":6},"end":{"line":31,"column":null}},"type":"if","locations":[{"start":{"line":27,"column":6},"end":{"line":31,"column":null}},{"start":{"line":29,"column":13},"end":{"line":31,"column":null}}]}},"s":{"0":0,"1":0,"2":0,"3":0,"4":0,"5":0,"6":0,"7":0,"8":0,"9":0,"10":0,"11":0,"12":0,"13":0,"14":0,"15":0,"16":0,"17":0},"f":{"0":0,"1":0},"b":{"0":[0,0]}}
,"/home/ozan/github/clean-architecture-nestjs/src/infrastructure/controllers/getTodosController.ts/getTodoResponse.ts": {"path":"/home/ozan/github/clean-architecture-nestjs/src/infrastructure/controllers/getTodosController.ts/getTodoResponse.ts","statementMap":{"0":{"start":{"line":23,"column":19},"end":{"line":23,"column":40}},"1":{"start":{"line":24,"column":4},"end":{"line":24,"column":null}},"2":{"start":{"line":25,"column":4},"end":{"line":25,"column":null}},"3":{"start":{"line":26,"column":4},"end":{"line":26,"column":null}},"4":{"start":{"line":27,"column":4},"end":{"line":35,"column":null}},"5":{"start":{"line":28,"column":6},"end":{"line":34,"column":null}},"6":{"start":{"line":36,"column":4},"end":{"line":36,"column":20}},"7":{"start":{"line":10,"column":0},"end":{"line":10,"column":13}}},"fnMap":{"0":{"name":"(anonymous_0)","decl":{"start":{"line":17,"column":2},"end":{"line":17,"column":null}},"loc":{"start":{"line":17,"column":2},"end":{"line":19,"column":3}}},"1":{"name":"(anonymous_1)","decl":{"start":{"line":22,"column":2},"end":{"line":22,"column":8}},"loc":{"start":{"line":22,"column":83},"end":{"line":37,"column":3}}},"2":{"name":"(anonymous_2)","decl":{"start":{"line":27,"column":46},"end":{"line":27,"column":47}},"loc":{"start":{"line":27,"column":50},"end":{"line":35,"column":5}}}},"branchMap":{},"s":{"0":0,"1":0,"2":0,"3":0,"4":0,"5":0,"6":0,"7":0},"f":{"0":0,"1":0,"2":0},"b":{}}
,"/home/ozan/github/clean-architecture-nestjs/src/infrastructure/controllers/getTodosController.ts/getTodos.controller.ts": {"path":"/home/ozan/github/clean-architecture-nestjs/src/infrastructure/controllers/getTodosController.ts/getTodos.controller.ts","statementMap":{"0":{"start":{"line":1,"column":0},"end":{"line":1,"column":68}},"1":{"start":{"line":2,"column":0},"end":{"line":2,"column":71}},"2":{"start":{"line":3,"column":0},"end":{"line":3,"column":74}},"3":{"start":{"line":7,"column":0},"end":{"line":7,"column":72}},"4":{"start":{"line":8,"column":0},"end":{"line":8,"column":77}},"5":{"start":{"line":9,"column":0},"end":{"line":9,"column":74}},"6":{"start":{"line":10,"column":0},"end":{"line":10,"column":53}},"7":{"start":{"line":18,"column":0},"end":{"line":32,"column":null}},"8":{"start":{"line":20,"column":21},"end":{"line":20,"column":32}},"9":{"start":{"line":27,"column":34},"end":{"line":27,"column":140}},"10":{"start":{"line":30,"column":4},"end":{"line":30,"column":79}},"11":{"start":{"line":25,"column":2},"end":{"line":31,"column":null}},"12":{"start":{"line":18,"column":13},"end":{"line":32,"column":null}},"13":{"start":{"line":18,"column":13},"end":{"line":18,"column":31}}},"fnMap":{"0":{"name":"(anonymous_4)","decl":{"start":{"line":19,"column":2},"end":{"line":19,"column":null}},"loc":{"start":{"line":20,"column":41},"end":{"line":21,"column":7}}},"1":{"name":"(anonymous_5)","decl":{"start":{"line":25,"column":2},"end":{"line":25,"column":7}},"loc":{"start":{"line":25,"column":49},"end":{"line":31,"column":3}}}},"branchMap":{},"s":{"0":0,"1":0,"2":0,"3":0,"4":0,"5":0,"6":0,"7":0,"8":0,"9":0,"10":0,"11":0,"12":0,"13":0},"f":{"0":0,"1":0},"b":{}}
,"/home/ozan/github/clean-architecture-nestjs/src/infrastructure/controllers/getTodosController.ts/getTodos.requset.ts": {"path":"/home/ozan/github/clean-architecture-nestjs/src/infrastructure/controllers/getTodosController.ts/getTodos.requset.ts","statementMap":{"0":{"start":{"line":1,"column":0},"end":{"line":1,"column":46}},"1":{"start":{"line":2,"column":0},"end":{"line":2,"column":41}},"2":{"start":{"line":3,"column":0},"end":{"line":3,"column":65}},"3":{"start":{"line":11,"column":2},"end":{"line":11,"column":null}},"4":{"start":{"line":17,"column":2},"end":{"line":17,"column":null}},"5":{"start":{"line":14,"column":14},"end":{"line":14,"column":20}},"6":{"start":{"line":22,"column":2},"end":{"line":22,"column":null}},"7":{"start":{"line":21,"column":14},"end":{"line":21,"column":20}},"8":{"start":{"line":7,"column":0},"end":{"line":7,"column":13}}},"fnMap":{"0":{"name":"(anonymous_2)","decl":{"start":{"line":14,"column":8},"end":{"line":14,"column":11}},"loc":{"start":{"line":14,"column":14},"end":{"line":14,"column":20}}},"1":{"name":"(anonymous_3)","decl":{"start":{"line":21,"column":8},"end":{"line":21,"column":11}},"loc":{"start":{"line":21,"column":14},"end":{"line":21,"column":20}}}},"branchMap":{},"s":{"0":0,"1":0,"2":0,"3":0,"4":0,"5":0,"6":0,"7":0,"8":0},"f":{"0":0,"1":0},"b":{}}
,"/home/ozan/github/clean-architecture-nestjs/src/infrastructure/database/TodoBaseDatabaseAccess.ts": {"path":"/home/ozan/github/clean-architecture-nestjs/src/infrastructure/database/TodoBaseDatabaseAccess.ts","statementMap":{"0":{"start":{"line":1,"column":0},"end":{"line":1,"column":47}},"1":{"start":{"line":2,"column":0},"end":{"line":2,"column":82}},"2":{"start":{"line":3,"column":0},"end":{"line":3,"column":33}},"3":{"start":{"line":7,"column":0},"end":{"line":11,"column":null}},"4":{"start":{"line":9,"column":64},"end":{"line":9,"column":83}},"5":{"start":{"line":7,"column":22},"end":{"line":11,"column":null}},"6":{"start":{"line":7,"column":22},"end":{"line":7,"column":44}}},"fnMap":{"0":{"name":"(anonymous_4)","decl":{"start":{"line":9,"column":4},"end":{"line":9,"column":18}},"loc":{"start":{"line":9,"column":102},"end":{"line":10,"column":5}}}},"branchMap":{},"s":{"0":0,"1":0,"2":0,"3":0,"4":0,"5":0,"6":0},"f":{"0":0},"b":{}}
,"/home/ozan/github/clean-architecture-nestjs/src/infrastructure/database/mongodb.module.ts": {"path":"/home/ozan/github/clean-architecture-nestjs/src/infrastructure/database/mongodb.module.ts","statementMap":{"0":{"start":{"line":1,"column":0},"end":{"line":1,"column":40}},"1":{"start":{"line":2,"column":0},"end":{"line":2,"column":50}},"2":{"start":{"line":4,"column":0},"end":{"line":4,"column":58}},"3":{"start":{"line":9,"column":22},"end":{"line":14,"column":null}},"4":{"start":{"line":26,"column":0},"end":{"line":26,"column":null}},"5":{"start":{"line":26,"column":13},"end":{"line":26,"column":null}},"6":{"start":{"line":26,"column":13},"end":{"line":26,"column":26}}},"fnMap":{},"branchMap":{},"s":{"0":0,"1":0,"2":0,"3":0,"4":0,"5":0,"6":0},"f":{},"b":{}}
,"/home/ozan/github/clean-architecture-nestjs/src/infrastructure/database/schemas/index.ts": {"path":"/home/ozan/github/clean-architecture-nestjs/src/infrastructure/database/schemas/index.ts","statementMap":{"0":{"start":{"line":1,"column":0},"end":{"line":1,"column":29}}},"fnMap":{},"branchMap":{},"s":{"0":0},"f":{},"b":{}}
,"/home/ozan/github/clean-architecture-nestjs/src/infrastructure/database/schemas/todo.schema.ts": {"path":"/home/ozan/github/clean-architecture-nestjs/src/infrastructure/database/schemas/todo.schema.ts","statementMap":{"0":{"start":{"line":1,"column":0},"end":{"line":1,"column":63}},"1":{"start":{"line":6,"column":0},"end":{"line":16,"column":null}},"2":{"start":{"line":9,"column":4},"end":{"line":9,"column":null}},"3":{"start":{"line":11,"column":4},"end":{"line":11,"column":null}},"4":{"start":{"line":13,"column":4},"end":{"line":13,"column":null}},"5":{"start":{"line":15,"column":4},"end":{"line":15,"column":null}},"6":{"start":{"line":6,"column":13},"end":{"line":16,"column":null}},"7":{"start":{"line":6,"column":13},"end":{"line":6,"column":30}},"8":{"start":{"line":18,"column":13},"end":{"line":18,"column":74}}},"fnMap":{},"branchMap":{},"s":{"0":0,"1":0,"2":0,"3":0,"4":0,"5":0,"6":0,"7":0,"8":0},"f":{},"b":{}}
,"/home/ozan/github/clean-architecture-nestjs/src/infrastructure/entityGateways/entityGateways.module.ts": {"path":"/home/ozan/github/clean-architecture-nestjs/src/infrastructure/entityGateways/entityGateways.module.ts","statementMap":{"0":{"start":{"line":1,"column":0},"end":{"line":1,"column":40}},"1":{"start":{"line":2,"column":0},"end":{"line":2,"column":57}},"2":{"start":{"line":3,"column":0},"end":{"line":3,"column":64}},"3":{"start":{"line":4,"column":0},"end":{"line":4,"column":60}},"4":{"start":{"line":12,"column":22},"end":{"line":16,"column":null}},"5":{"start":{"line":30,"column":0},"end":{"line":30,"column":null}},"6":{"start":{"line":30,"column":13},"end":{"line":30,"column":null}},"7":{"start":{"line":30,"column":13},"end":{"line":30,"column":33}}},"fnMap":{},"branchMap":{},"s":{"0":0,"1":0,"2":0,"3":0,"4":0,"5":0,"6":0,"7":0},"f":{},"b":{}}
,"/home/ozan/github/clean-architecture-nestjs/src/infrastructure/entityGateways/addTodo/addTodo.module.ts": {"path":"/home/ozan/github/clean-architecture-nestjs/src/infrastructure/entityGateways/addTodo/addTodo.module.ts","statementMap":{"0":{"start":{"line":1,"column":0},"end":{"line":1,"column":40}},"1":{"start":{"line":2,"column":0},"end":{"line":2,"column":71}},"2":{"start":{"line":3,"column":0},"end":{"line":3,"column":54}},"3":{"start":{"line":4,"column":0},"end":{"line":4,"column":42}},"4":{"start":{"line":9,"column":24},"end":{"line":12,"column":null}},"5":{"start":{"line":26,"column":0},"end":{"line":26,"column":null}},"6":{"start":{"line":26,"column":13},"end":{"line":26,"column":null}},"7":{"start":{"line":26,"column":13},"end":{"line":26,"column":26}}},"fnMap":{},"branchMap":{},"s":{"0":0,"1":0,"2":0,"3":0,"4":0,"5":0,"6":0,"7":0},"f":{},"b":{}}
,"/home/ozan/github/clean-architecture-nestjs/src/infrastructure/entityGateways/addTodo/canIChangeStatus.ts": {"path":"/home/ozan/github/clean-architecture-nestjs/src/infrastructure/entityGateways/addTodo/canIChangeStatus.ts","statementMap":{"0":{"start":{"line":1,"column":0},"end":{"line":1,"column":44}},"1":{"start":{"line":6,"column":0},"end":{"line":12,"column":null}},"2":{"start":{"line":9,"column":8},"end":{"line":9,"column":20}},"3":{"start":{"line":6,"column":13},"end":{"line":12,"column":null}},"4":{"start":{"line":6,"column":13},"end":{"line":6,"column":29}}},"fnMap":{"0":{"name":"(anonymous_1)","decl":{"start":{"line":7,"column":4},"end":{"line":7,"column":11}},"loc":{"start":{"line":7,"column":26},"end":{"line":10,"column":5}}}},"branchMap":{},"s":{"0":0,"1":0,"2":0,"3":0,"4":0},"f":{"0":0},"b":{}}
,"/home/ozan/github/clean-architecture-nestjs/src/infrastructure/entityGateways/addTodo/insertTodo.ts": {"path":"/home/ozan/github/clean-architecture-nestjs/src/infrastructure/entityGateways/addTodo/insertTodo.ts","statementMap":{"0":{"start":{"line":1,"column":0},"end":{"line":1,"column":44}},"1":{"start":{"line":2,"column":0},"end":{"line":2,"column":88}},"2":{"start":{"line":6,"column":0},"end":{"line":15,"column":null}},"3":{"start":{"line":9,"column":18},"end":{"line":9,"column":50}},"4":{"start":{"line":10,"column":17},"end":{"line":10,"column":37}},"5":{"start":{"line":11,"column":4},"end":{"line":11,"column":36}},"6":{"start":{"line":12,"column":4},"end":{"line":12,"column":16}},"7":{"start":{"line":6,"column":13},"end":{"line":15,"column":null}},"8":{"start":{"line":6,"column":13},"end":{"line":6,"column":23}}},"fnMap":{"0":{"name":"(anonymous_1)","decl":{"start":{"line":8,"column":2},"end":{"line":8,"column":7}},"loc":{"start":{"line":8,"column":26},"end":{"line":13,"column":3}}}},"branchMap":{},"s":{"0":0,"1":0,"2":0,"3":0,"4":0,"5":0,"6":0,"7":0,"8":0},"f":{"0":0},"b":{}}
,"/home/ozan/github/clean-architecture-nestjs/src/infrastructure/entityGateways/getOneTodo/findOneTodo.ts": {"path":"/home/ozan/github/clean-architecture-nestjs/src/infrastructure/entityGateways/getOneTodo/findOneTodo.ts","statementMap":{"0":{"start":{"line":1,"column":0},"end":{"line":1,"column":44}},"1":{"start":{"line":2,"column":0},"end":{"line":2,"column":37}},"2":{"start":{"line":3,"column":0},"end":{"line":3,"column":88}},"3":{"start":{"line":4,"column":0},"end":{"line":4,"column":33}},"4":{"start":{"line":10,"column":0},"end":{"line":27,"column":null}},"5":{"start":{"line":13,"column":24},"end":{"line":13,"column":93}},"6":{"start":{"line":14,"column":8},"end":{"line":23,"column":null}},"7":{"start":{"line":16,"column":23},"end":{"line":16,"column":33}},"8":{"start":{"line":17,"column":12},"end":{"line":17,"column":45}},"9":{"start":{"line":18,"column":12},"end":{"line":18,"column":53}},"10":{"start":{"line":19,"column":12},"end":{"line":19,"column":53}},"11":{"start":{"line":20,"column":12},"end":{"line":20,"column":43}},"12":{"start":{"line":21,"column":12},"end":{"line":21,"column":47}},"13":{"start":{"line":22,"column":12},"end":{"line":22,"column":24}},"14":{"start":{"line":24,"column":8},"end":{"line":24,"column":null}},"15":{"start":{"line":10,"column":13},"end":{"line":27,"column":null}},"16":{"start":{"line":10,"column":13},"end":{"line":10,"column":24}}},"fnMap":{"0":{"name":"(anonymous_1)","decl":{"start":{"line":12,"column":4},"end":{"line":12,"column":9}},"loc":{"start":{"line":12,"column":28},"end":{"line":25,"column":5}}}},"branchMap":{"0":{"loc":{"start":{"line":14,"column":8},"end":{"line":23,"column":null}},"type":"if","locations":[{"start":{"line":14,"column":8},"end":{"line":23,"column":null}}]}},"s":{"0":0,"1":0,"2":0,"3":0,"4":0,"5":0,"6":0,"7":0,"8":0,"9":0,"10":0,"11":0,"12":0,"13":0,"14":0,"15":0,"16":0},"f":{"0":0},"b":{"0":[0]}}
,"/home/ozan/github/clean-architecture-nestjs/src/infrastructure/entityGateways/getOneTodo/getTodos.module.ts": {"path":"/home/ozan/github/clean-architecture-nestjs/src/infrastructure/entityGateways/getOneTodo/getTodos.module.ts","statementMap":{"0":{"start":{"line":1,"column":0},"end":{"line":1,"column":40}},"1":{"start":{"line":2,"column":0},"end":{"line":2,"column":71}},"2":{"start":{"line":3,"column":0},"end":{"line":3,"column":44}},"3":{"start":{"line":8,"column":24},"end":{"line":11,"column":null}},"4":{"start":{"line":25,"column":0},"end":{"line":25,"column":null}},"5":{"start":{"line":25,"column":13},"end":{"line":25,"column":null}},"6":{"start":{"line":25,"column":13},"end":{"line":25,"column":29}}},"fnMap":{},"branchMap":{},"s":{"0":0,"1":0,"2":0,"3":0,"4":0,"5":0,"6":0},"f":{},"b":{}}
,"/home/ozan/github/clean-architecture-nestjs/src/infrastructure/entityGateways/getTodos/findTodos.ts": {"path":"/home/ozan/github/clean-architecture-nestjs/src/infrastructure/entityGateways/getTodos/findTodos.ts","statementMap":{"0":{"start":{"line":1,"column":0},"end":{"line":1,"column":44}},"1":{"start":{"line":2,"column":0},"end":{"line":2,"column":57}},"2":{"start":{"line":3,"column":0},"end":{"line":3,"column":88}},"3":{"start":{"line":10,"column":0},"end":{"line":35,"column":null}},"4":{"start":{"line":13,"column":8},"end":{"line":13,"column":null}},"5":{"start":{"line":14,"column":8},"end":{"line":14,"column":null}},"6":{"start":{"line":16,"column":12},"end":{"line":19,"column":14}},"7":{"start":{"line":21,"column":21},"end":{"line":21,"column":41}},"8":{"start":{"line":22,"column":8},"end":{"line":30,"column":null}},"9":{"start":{"line":23,"column":12},"end":{"line":29,"column":null}},"10":{"start":{"line":31,"column":8},"end":{"line":31,"column":null}},"11":{"start":{"line":32,"column":8},"end":{"line":32,"column":22}},"12":{"start":{"line":10,"column":13},"end":{"line":35,"column":null}},"13":{"start":{"line":10,"column":13},"end":{"line":10,"column":22}}},"fnMap":{"0":{"name":"(anonymous_1)","decl":{"start":{"line":12,"column":4},"end":{"line":12,"column":9}},"loc":{"start":{"line":12,"column":68},"end":{"line":33,"column":5}}},"1":{"name":"(anonymous_2)","decl":{"start":{"line":22,"column":33},"end":{"line":22,"column":34}},"loc":{"start":{"line":22,"column":37},"end":{"line":30,"column":9}}}},"branchMap":{"0":{"loc":{"start":{"line":13,"column":15},"end":{"line":13,"column":25}},"type":"binary-expr","locations":[{"start":{"line":13,"column":15},"end":{"line":13,"column":19}},{"start":{"line":13,"column":23},"end":{"line":13,"column":25}}]}},"s":{"0":0,"1":0,"2":0,"3":0,"4":0,"5":0,"6":0,"7":0,"8":0,"9":0,"10":0,"11":0,"12":0,"13":0},"f":{"0":0,"1":0},"b":{"0":[0,0]}}
,"/home/ozan/github/clean-architecture-nestjs/src/infrastructure/entityGateways/getTodos/getTodos.module.ts": {"path":"/home/ozan/github/clean-architecture-nestjs/src/infrastructure/entityGateways/getTodos/getTodos.module.ts","statementMap":{"0":{"start":{"line":1,"column":0},"end":{"line":1,"column":40}},"1":{"start":{"line":2,"column":0},"end":{"line":2,"column":71}},"2":{"start":{"line":3,"column":0},"end":{"line":3,"column":40}},"3":{"start":{"line":8,"column":24},"end":{"line":10,"column":null}},"4":{"start":{"line":24,"column":0},"end":{"line":24,"column":null}},"5":{"start":{"line":24,"column":13},"end":{"line":24,"column":null}},"6":{"start":{"line":24,"column":13},"end":{"line":24,"column":27}}},"fnMap":{},"branchMap":{},"s":{"0":0,"1":0,"2":0,"3":0,"4":0,"5":0,"6":0},"f":{},"b":{}}
,"/home/ozan/github/clean-architecture-nestjs/src/infrastructure/logger/logger.module.ts": {"path":"/home/ozan/github/clean-architecture-nestjs/src/infrastructure/logger/logger.module.ts","statementMap":{"0":{"start":{"line":1,"column":0},"end":{"line":1,"column":40}},"1":{"start":{"line":2,"column":0},"end":{"line":2,"column":49}},"2":{"start":{"line":8,"column":0},"end":{"line":8,"column":null}},"3":{"start":{"line":8,"column":13},"end":{"line":8,"column":null}},"4":{"start":{"line":8,"column":13},"end":{"line":8,"column":25}}},"fnMap":{},"branchMap":{},"s":{"0":0,"1":0,"2":0,"3":0,"4":0},"f":{},"b":{}}
,"/home/ozan/github/clean-architecture-nestjs/src/infrastructure/logger/logger.service.ts": {"path":"/home/ozan/github/clean-architecture-nestjs/src/infrastructure/logger/logger.service.ts","statementMap":{"0":{"start":{"line":1,"column":0},"end":{"line":1,"column":52}},"1":{"start":{"line":5,"column":0},"end":{"line":28,"column":null}},"2":{"start":{"line":7,"column":4},"end":{"line":7,"column":null}},"3":{"start":{"line":10,"column":4},"end":{"line":12,"column":null}},"4":{"start":{"line":11,"column":6},"end":{"line":11,"column":49}},"5":{"start":{"line":15,"column":4},"end":{"line":15,"column":44}},"6":{"start":{"line":18,"column":4},"end":{"line":18,"column":54}},"7":{"start":{"line":21,"column":4},"end":{"line":21,"column":45}},"8":{"start":{"line":24,"column":4},"end":{"line":26,"column":null}},"9":{"start":{"line":25,"column":6},"end":{"line":25,"column":53}},"10":{"start":{"line":5,"column":13},"end":{"line":28,"column":null}},"11":{"start":{"line":5,"column":13},"end":{"line":5,"column":26}}},"fnMap":{"0":{"name":"(anonymous_2)","decl":{"start":{"line":6,"column":2},"end":{"line":6,"column":null}},"loc":{"start":{"line":6,"column":2},"end":{"line":8,"column":3}}},"1":{"name":"(anonymous_3)","decl":{"start":{"line":9,"column":2},"end":{"line":9,"column":7}},"loc":{"start":{"line":9,"column":40},"end":{"line":13,"column":3}}},"2":{"name":"(anonymous_4)","decl":{"start":{"line":14,"column":2},"end":{"line":14,"column":5}},"loc":{"start":{"line":14,"column":38},"end":{"line":16,"column":3}}},"3":{"name":"(anonymous_5)","decl":{"start":{"line":17,"column":2},"end":{"line":17,"column":7}},"loc":{"start":{"line":17,"column":56},"end":{"line":19,"column":3}}},"4":{"name":"(anonymous_6)","decl":{"start":{"line":20,"column":2},"end":{"line":20,"column":6}},"loc":{"start":{"line":20,"column":39},"end":{"line":22,"column":3}}},"5":{"name":"(anonymous_7)","decl":{"start":{"line":23,"column":2},"end":{"line":23,"column":9}},"loc":{"start":{"line":23,"column":42},"end":{"line":27,"column":3}}}},"branchMap":{"0":{"loc":{"start":{"line":10,"column":4},"end":{"line":12,"column":null}},"type":"if","locations":[{"start":{"line":10,"column":4},"end":{"line":12,"column":null}}]},"1":{"loc":{"start":{"line":24,"column":4},"end":{"line":26,"column":null}},"type":"if","locations":[{"start":{"line":24,"column":4},"end":{"line":26,"column":null}}]}},"s":{"0":0,"1":0,"2":0,"3":0,"4":0,"5":0,"6":0,"7":0,"8":0,"9":0,"10":0,"11":0},"f":{"0":0,"1":0,"2":0,"3":0,"4":0,"5":0},"b":{"0":[0],"1":[0]}}
,"/home/ozan/github/clean-architecture-nestjs/src/usecases/todo/addTodo/addTodo.usecases.ts": {"path":"/home/ozan/github/clean-architecture-nestjs/src/usecases/todo/addTodo/addTodo.usecases.ts","statementMap":{"0":{"start":{"line":1,"column":0},"end":{"line":1,"column":46}},"1":{"start":{"line":6,"column":21},"end":{"line":6,"column":44}},"2":{"start":{"line":7,"column":21},"end":{"line":7,"column":56}},"3":{"start":{"line":14,"column":17},"end":{"line":14,"column":27}},"4":{"start":{"line":15,"column":4},"end":{"line":15,"column":27}},"5":{"start":{"line":16,"column":4},"end":{"line":16,"column":24}},"6":{"start":{"line":17,"column":4},"end":{"line":19,"column":null}},"7":{"start":{"line":18,"column":6},"end":{"line":18,"column":44}},"8":{"start":{"line":20,"column":19},"end":{"line":20,"column":54}},"9":{"start":{"line":21,"column":4},"end":{"line":21,"column":18}},"10":{"start":{"line":4,"column":0},"end":{"line":4,"column":13}}},"fnMap":{"0":{"name":"(anonymous_0)","decl":{"start":{"line":5,"column":2},"end":{"line":5,"column":null}},"loc":{"start":{"line":7,"column":56},"end":{"line":11,"column":3}}},"1":{"name":"(anonymous_1)","decl":{"start":{"line":13,"column":2},"end":{"line":13,"column":7}},"loc":{"start":{"line":13,"column":31},"end":{"line":22,"column":3}}}},"branchMap":{"0":{"loc":{"start":{"line":17,"column":4},"end":{"line":19,"column":null}},"type":"if","locations":[{"start":{"line":17,"column":4},"end":{"line":19,"column":null}}]}},"s":{"0":1,"1":1,"2":1,"3":1,"4":1,"5":1,"6":1,"7":0,"8":1,"9":1,"10":1},"f":{"0":1,"1":1},"b":{"0":[0]}}
,"/home/ozan/github/clean-architecture-nestjs/src/usecases/todo/getOneTodo/getTodos.usecase.ts": {"path":"/home/ozan/github/clean-architecture-nestjs/src/usecases/todo/getOneTodo/getTodos.usecase.ts","statementMap":{"0":{"start":{"line":4,"column":0},"end":{"line":4,"column":56}},"1":{"start":{"line":9,"column":21},"end":{"line":9,"column":46}},"2":{"start":{"line":17,"column":15},"end":{"line":17,"column":49}},"3":{"start":{"line":18,"column":4},"end":{"line":20,"column":null}},"4":{"start":{"line":19,"column":6},"end":{"line":19,"column":null}},"5":{"start":{"line":21,"column":4},"end":{"line":21,"column":16}},"6":{"start":{"line":7,"column":0},"end":{"line":7,"column":13}}},"fnMap":{"0":{"name":"(anonymous_0)","decl":{"start":{"line":8,"column":2},"end":{"line":8,"column":null}},"loc":{"start":{"line":9,"column":46},"end":{"line":13,"column":3}}},"1":{"name":"(anonymous_1)","decl":{"start":{"line":15,"column":2},"end":{"line":15,"column":7}},"loc":{"start":{"line":15,"column":26},"end":{"line":23,"column":3}}}},"branchMap":{"0":{"loc":{"start":{"line":18,"column":4},"end":{"line":20,"column":null}},"type":"if","locations":[{"start":{"line":18,"column":4},"end":{"line":20,"column":null}}]}},"s":{"0":1,"1":2,"2":2,"3":2,"4":1,"5":1,"6":1},"f":{"0":2,"1":2},"b":{"0":[1]}}
,"/home/ozan/github/clean-architecture-nestjs/src/usecases/todo/getOneTodo/todoNotFoundError.ts": {"path":"/home/ozan/github/clean-architecture-nestjs/src/usecases/todo/getOneTodo/todoNotFoundError.ts","statementMap":{"0":{"start":{"line":2,"column":4},"end":{"line":2,"column":null}},"1":{"start":{"line":3,"column":4},"end":{"line":3,"column":null}},"2":{"start":{"line":1,"column":0},"end":{"line":1,"column":13}}},"fnMap":{"0":{"name":"(anonymous_0)","decl":{"start":{"line":1,"column":0},"end":{"line":1,"column":13}},"loc":{"start":{"line":1,"column":0},"end":{"line":4,"column":1}}}},"branchMap":{},"s":{"0":1,"1":1,"2":1},"f":{"0":1},"b":{}}
,"/home/ozan/github/clean-architecture-nestjs/src/usecases/todo/getTodos/getTodos.usecase.ts": {"path":"/home/ozan/github/clean-architecture-nestjs/src/usecases/todo/getTodos/getTodos.usecase.ts","statementMap":{"0":{"start":{"line":8,"column":21},"end":{"line":8,"column":42}},"1":{"start":{"line":18,"column":4},"end":{"line":18,"column":60}},"2":{"start":{"line":6,"column":0},"end":{"line":6,"column":13}}},"fnMap":{"0":{"name":"(anonymous_0)","decl":{"start":{"line":7,"column":2},"end":{"line":7,"column":null}},"loc":{"start":{"line":8,"column":42},"end":{"line":12,"column":3}}},"1":{"name":"(anonymous_1)","decl":{"start":{"line":16,"column":2},"end":{"line":16,"column":7}},"loc":{"start":{"line":16,"column":66},"end":{"line":20,"column":3}}}},"branchMap":{},"s":{"0":1,"1":1,"2":1},"f":{"0":1,"1":1},"b":{}}
}
